2026-05-06T12:00:09.355+05:30  INFO 21000 --- [AssetMonitoringSystem] [main] c.a.a.AssetMonitoringSystemApplication   : Starting AssetMonitoringSystemApplication using Java 25.0.1 with PID 21000 (D:\AssetMonitoringSystem\AssetMonitoringSystemBackend\target\classes started by vishal singh in D:\AssetMonitoringSystem\AssetMonitoringSystemBackend)
2026-05-06T12:00:09.364+05:30 DEBUG 21000 --- [AssetMonitoringSystem] [main] c.a.a.AssetMonitoringSystemApplication   : Running with Spring Boot v4.0.6, Spring v7.0.7
2026-05-06T12:00:09.366+05:30  INFO 21000 --- [AssetMonitoringSystem] [main] c.a.a.AssetMonitoringSystemApplication   : No active profile set, falling back to 1 default profile: "default"
2026-05-06T12:00:11.126+05:30  INFO 21000 --- [AssetMonitoringSystem] [main] .s.d.r.c.RepositoryConfigurationDelegate : Bootstrapping Spring Data JPA repositories in DEFAULT mode.
2026-05-06T12:00:11.245+05:30  INFO 21000 --- [AssetMonitoringSystem] [main] .s.d.r.c.RepositoryConfigurationDelegate : Finished Spring Data repository scanning in 104 ms. Found 6 JPA repository interfaces.
2026-05-06T12:00:31.613+05:30  INFO 21000 --- [AssetMonitoringSystem] [main] o.s.boot.tomcat.TomcatWebServer          : Tomcat initialized with port 8080 (http)
2026-05-06T12:00:31.630+05:30  INFO 21000 --- [AssetMonitoringSystem] [main] o.apache.catalina.core.StandardService   : Starting service [Tomcat]
2026-05-06T12:00:31.630+05:30  INFO 21000 --- [AssetMonitoringSystem] [main] o.apache.catalina.core.StandardEngine    : Starting Servlet engine: [Apache Tomcat/11.0.21]
2026-05-06T12:00:31.722+05:30  INFO 21000 --- [AssetMonitoringSystem] [main] b.w.c.s.WebApplicationContextInitializer : Root WebApplicationContext: initialization completed in 22227 ms
2026-05-06T12:00:32.246+05:30  INFO 21000 --- [AssetMonitoringSystem] [main] org.hibernate.orm.jpa                    : HHH008540: Processing PersistenceUnitInfo [name: default]
2026-05-06T12:00:32.372+05:30  INFO 21000 --- [AssetMonitoringSystem] [main] org.hibernate.orm.core                   : HHH000001: Hibernate ORM core version 7.2.12.Final
2026-05-06T12:00:33.164+05:30  INFO 21000 --- [AssetMonitoringSystem] [main] o.s.o.j.p.SpringPersistenceUnitInfo      : No LoadTimeWeaver setup: ignoring JPA class transformer
2026-05-06T12:00:33.237+05:30  INFO 21000 --- [AssetMonitoringSystem] [main] com.zaxxer.hikari.HikariDataSource       : HikariPool-1 - Starting...
2026-05-06T12:00:34.179+05:30  INFO 21000 --- [AssetMonitoringSystem] [main] com.zaxxer.hikari.pool.HikariPool        : HikariPool-1 - Added connection ConnectionID:1 ClientConnectionId: d6ce48be-56ea-46ac-8e82-1db6d71a34ca
2026-05-06T12:00:34.183+05:30  INFO 21000 --- [AssetMonitoringSystem] [main] com.zaxxer.hikari.HikariDataSource       : HikariPool-1 - Start completed.
2026-05-06T12:00:34.719+05:30  INFO 21000 --- [AssetMonitoringSystem] [main] org.hibernate.orm.connections.pooling    : HHH10001005: Database info:
	Database JDBC URL [jdbc:sqlserver://localhost:1433;concatNullYieldsNull=ON;quotedIdentifier=ON;connectRetryInterval=10;connectRetryCount=1;maxResultBuffer=-1;sendTemporalDataTypesAsStringForBulkCopy=true;delayLoadingLobs=true;useFmtOnly=false;vectorTypeSupport=v1;cacheBulkCopyMetadata=false;bulkCopyForBatchInsertAllowEncryptedValueModifications=false;bulkCopyForBatchInsertTableLock=false;bulkCopyForBatchInsertKeepNulls=false;bulkCopyForBatchInsertKeepIdentity=false;bulkCopyForBatchInsertFireTriggers=false;bulkCopyForBatchInsertCheckConstraints=false;bulkCopyForBatchInsertBatchSize=0;useBulkCopyForBatchInsert=false;cancelQueryTimeout=-1;sslProtocol=TLS;calcBigDecimalPrecision=false;useDefaultJaasConfig=false;jaasConfigurationName=SQLJDBCDriver;statementPoolingCacheSize=0;serverPreparedStatementDiscardThreshold=10;enablePrepareOnFirstPreparedStatementCall=false;fips=false;socketTimeout=0;authentication=NotSpecified;authenticationScheme=nativeAuthentication;xopenStates=false;datetimeParameterType=datetime2;sendTimeAsDatetime=true;replication=false;trustStoreType=JKS;trustServerCertificate=true;TransparentNetworkIPResolution=true;iPAddressPreference=IPv4First;serverNameAsACE=false;sendStringParametersAsUnicode=true;selectMethod=direct;responseBuffering=adaptive;queryTimeout=-1;packetSize=8000;multiSubnetFailover=false;loginTimeout=30;lockTimeout=-1;lastUpdateCount=true;useDefaultGSSCredential=false;prepareMethod=prepexec;encrypt=true;disableStatementPooling=true;databaseName=AssetMonitoringSystem;columnEncryptionSetting=Disabled;applicationName=Microsoft JDBC Driver for SQL Server;applicationIntent=readwrite;]
	Database driver: Microsoft JDBC Driver 13.2 for SQL Server
	Database dialect: SQLServerDialect
	Database version: 16.0
	Default catalog/schema: AssetMonitoringSystem/dbo
	Autocommit mode: undefined/unknown
	Isolation level: READ_COMMITTED [default READ_COMMITTED]
	JDBC fetch size: 128
	Pool: DataSourceConnectionProvider
	Minimum pool size: undefined/unknown
	Maximum pool size: undefined/unknown
2026-05-06T12:00:36.890+05:30  INFO 21000 --- [AssetMonitoringSystem] [main] org.hibernate.orm.core                   : HHH000489: No JTA platform available (set 'hibernate.transaction.jta.platform' to enable JTA platform integration)
2026-05-06T12:00:38.852+05:30  INFO 21000 --- [AssetMonitoringSystem] [main] j.LocalContainerEntityManagerFactoryBean : Initialized JPA EntityManagerFactory for persistence unit 'default'
2026-05-06T12:00:39.162+05:30  INFO 21000 --- [AssetMonitoringSystem] [main] o.s.d.j.r.query.QueryEnhancerFactories   : Hibernate is in classpath; If applicable, HQL parser will be used.
2026-05-06T12:00:39.701+05:30 DEBUG 21000 --- [AssetMonitoringSystem] [main] c.a.a.security.JwtAuthenticationFilter   : Filter 'jwtAuthenticationFilter' configured for use
2026-05-06T12:00:40.182+05:30  INFO 21000 --- [AssetMonitoringSystem] [main] r$InitializeUserDetailsManagerConfigurer : Global AuthenticationManager configured with UserDetailsService bean with name customUserDetailsService
2026-05-06T12:00:41.050+05:30  WARN 21000 --- [AssetMonitoringSystem] [main] JpaBaseConfiguration$JpaWebConfiguration : spring.jpa.open-in-view is enabled by default. Therefore, database queries may be performed during view rendering. Explicitly configure spring.jpa.open-in-view to disable this warning
2026-05-06T12:00:42.728+05:30  INFO 21000 --- [AssetMonitoringSystem] [main] o.s.boot.tomcat.TomcatWebServer          : Tomcat started on port 8080 (http) with context path '/'
2026-05-06T12:00:42.731+05:30  INFO 21000 --- [AssetMonitoringSystem] [main] o.s.a.r.c.CachingConnectionFactory       : Attempting to connect to: [localhost:5672]
2026-05-06T12:00:42.915+05:30  INFO 21000 --- [AssetMonitoringSystem] [main] o.s.a.r.c.CachingConnectionFactory       : Created new connection: rabbitConnectionFactory#b61aa50:0/SimpleConnection@6434d49e [delegate=amqp://guest@127.0.0.1:5672/, localPort=53992]
2026-05-06T12:00:43.074+05:30  INFO 21000 --- [AssetMonitoringSystem] [main] c.a.a.AssetMonitoringSystemApplication   : Started AssetMonitoringSystemApplication in 35.655 seconds (process running for 48.05)
2026-05-06T12:00:43.095+05:30 DEBUG 21000 --- [AssetMonitoringSystem] [scheduling-1] c.a.a.config.LoggingAspect               : Entering: com.app.assetmonitoringsystem.service.UptimeService.evaluateAssetStatuses() with arguments = []
2026-05-06T12:00:43.981+05:30 DEBUG 21000 --- [AssetMonitoringSystem] [scheduling-1] c.a.a.config.LoggingAspect               : Exiting: com.app.assetmonitoringsystem.service.UptimeService.evaluateAssetStatuses() with result = null
2026-05-06T12:00:43.982+05:30  WARN 21000 --- [AssetMonitoringSystem] [scheduling-1] c.a.a.config.LoggingAspect               : SLOW METHOD: com.app.assetmonitoringsystem.service.UptimeService.evaluateAssetStatuses() took 889ms
2026-05-06T12:01:43.268+05:30 DEBUG 21000 --- [AssetMonitoringSystem] [scheduling-1] c.a.a.config.LoggingAspect               : Entering: com.app.assetmonitoringsystem.service.UptimeService.evaluateAssetStatuses() with arguments = []
2026-05-06T12:01:43.752+05:30 DEBUG 21000 --- [AssetMonitoringSystem] [scheduling-1] c.a.a.config.LoggingAspect               : Exiting: com.app.assetmonitoringsystem.service.UptimeService.evaluateAssetStatuses() with result = null
2026-05-06T12:01:43.754+05:30 DEBUG 21000 --- [AssetMonitoringSystem] [scheduling-1] c.a.a.config.LoggingAspect               : Execution time: com.app.assetmonitoringsystem.service.UptimeService.evaluateAssetStatuses() = 489ms
2026-05-06T12:02:43.783+05:30 DEBUG 21000 --- [AssetMonitoringSystem] [scheduling-1] c.a.a.config.LoggingAspect               : Entering: com.app.assetmonitoringsystem.service.UptimeService.evaluateAssetStatuses() with arguments = []
2026-05-06T12:02:44.345+05:30 DEBUG 21000 --- [AssetMonitoringSystem] [scheduling-1] c.a.a.config.LoggingAspect               : Exiting: com.app.assetmonitoringsystem.service.UptimeService.evaluateAssetStatuses() with result = null
2026-05-06T12:02:44.347+05:30  WARN 21000 --- [AssetMonitoringSystem] [scheduling-1] c.a.a.config.LoggingAspect               : SLOW METHOD: com.app.assetmonitoringsystem.service.UptimeService.evaluateAssetStatuses() took 569ms
2026-05-06T12:03:43.230+05:30 DEBUG 21000 --- [AssetMonitoringSystem] [scheduling-1] c.a.a.config.LoggingAspect               : Entering: com.app.assetmonitoringsystem.service.UptimeService.evaluateAssetStatuses() with arguments = []
2026-05-06T12:03:43.438+05:30 DEBUG 21000 --- [AssetMonitoringSystem] [scheduling-1] c.a.a.config.LoggingAspect               : Exiting: com.app.assetmonitoringsystem.service.UptimeService.evaluateAssetStatuses() with result = null
2026-05-06T12:03:43.439+05:30 DEBUG 21000 --- [AssetMonitoringSystem] [scheduling-1] c.a.a.config.LoggingAspect               : Execution time: com.app.assetmonitoringsystem.service.UptimeService.evaluateAssetStatuses() = 210ms
2026-05-06T12:04:02.349+05:30  INFO 21000 --- [AssetMonitoringSystem] [http-nio-8080-exec-1] o.a.c.c.C.[Tomcat].[localhost].[/]       : Initializing Spring DispatcherServlet 'dispatcherServlet'
2026-05-06T12:04:02.353+05:30  INFO 21000 --- [AssetMonitoringSystem] [http-nio-8080-exec-1] o.s.web.servlet.DispatcherServlet        : Initializing Servlet 'dispatcherServlet'
2026-05-06T12:04:02.515+05:30  INFO 21000 --- [AssetMonitoringSystem] [http-nio-8080-exec-1] o.s.web.servlet.DispatcherServlet        : Completed initialization in 158 ms
2026-05-06T12:04:04.475+05:30 DEBUG 21000 --- [AssetMonitoringSystem] [http-nio-8080-exec-1] c.a.a.config.LoggingAspect               : Entering: com.app.assetmonitoringsystem.controller.AuthController.register() with arguments = [com.app.assetmonitoringsystem.dto.RegisterRequest@2f06691]
2026-05-06T12:04:04.508+05:30 DEBUG 21000 --- [AssetMonitoringSystem] [http-nio-8080-exec-1] c.a.a.config.LoggingAspect               : Entering: com.app.assetmonitoringsystem.service.UserService.register() with arguments = [com.app.assetmonitoringsystem.dto.RegisterRequest@2f06691]
2026-05-06T12:04:05.815+05:30  INFO 21000 --- [AssetMonitoringSystem] [http-nio-8080-exec-1] c.a.a.service.UserService                : User registered successfully: vishal@gmail.com
2026-05-06T12:04:06.310+05:30 DEBUG 21000 --- [AssetMonitoringSystem] [http-nio-8080-exec-1] c.a.a.config.LoggingAspect               : Exiting: com.app.assetmonitoringsystem.service.UserService.register() with result = com.app.assetmonitoringsystem.dto.AuthResponse@4a0bea7e
2026-05-06T12:04:06.311+05:30  WARN 21000 --- [AssetMonitoringSystem] [http-nio-8080-exec-1] c.a.a.config.LoggingAspect               : SLOW METHOD: com.app.assetmonitoringsystem.service.UserService.register() took 1803ms
2026-05-06T12:04:06.322+05:30 DEBUG 21000 --- [AssetMonitoringSystem] [http-nio-8080-exec-1] c.a.a.config.LoggingAspect               : Exiting: com.app.assetmonitoringsystem.controller.AuthController.register() with result = <201 CREATED Created,com.app.assetmonitoringsystem.dto.ApiResponse@1e88ca0d,[]>
2026-05-06T12:04:07.449+05:30 DEBUG 21000 --- [AssetMonitoringSystem] [http-nio-8080-exec-3] c.a.a.config.LoggingAspect               : Entering: com.app.assetmonitoringsystem.controller.AlertController.getAllAlerts() with arguments = [0, 100, ACTIVE]
2026-05-06T12:04:07.449+05:30 DEBUG 21000 --- [AssetMonitoringSystem] [http-nio-8080-exec-2] c.a.a.config.LoggingAspect               : Entering: com.app.assetmonitoringsystem.controller.AssetController.getAllAssets() with arguments = [0, 100, id, asc]
2026-05-06T12:04:07.458+05:30 DEBUG 21000 --- [AssetMonitoringSystem] [http-nio-8080-exec-3] c.a.a.config.LoggingAspect               : Entering: com.app.assetmonitoringsystem.service.AlertService.getAlertsByStatus() with arguments = [ACTIVE, Page request [number: 0, size 100, sort: UNSORTED]]
2026-05-06T12:04:07.458+05:30 DEBUG 21000 --- [AssetMonitoringSystem] [http-nio-8080-exec-2] c.a.a.config.LoggingAspect               : Entering: com.app.assetmonitoringsystem.service.AssetService.getAllAssets() with arguments = [Page request [number: 0, size 100, sort: id: ASC]]
2026-05-06T12:04:07.506+05:30 DEBUG 21000 --- [AssetMonitoringSystem] [http-nio-8080-exec-3] c.a.a.config.LoggingAspect               : Exiting: com.app.assetmonitoringsystem.service.AlertService.getAlertsByStatus() with result = Page 1 of 0 containing UNKNOWN instances
2026-05-06T12:04:07.507+05:30 DEBUG 21000 --- [AssetMonitoringSystem] [http-nio-8080-exec-3] c.a.a.config.LoggingAspect               : Execution time: com.app.assetmonitoringsystem.service.AlertService.getAlertsByStatus() = 49ms
2026-05-06T12:04:07.510+05:30 DEBUG 21000 --- [AssetMonitoringSystem] [http-nio-8080-exec-3] c.a.a.config.LoggingAspect               : Exiting: com.app.assetmonitoringsystem.controller.AlertController.getAllAlerts() with result = <200 OK OK,com.app.assetmonitoringsystem.dto.ApiResponse@1aac6d02,[]>
2026-05-06T12:04:07.527+05:30  WARN 21000 --- [AssetMonitoringSystem] [http-nio-8080-exec-3] ration$PageModule$WarningLoggingModifier : Serializing PageImpl instances as-is is not supported, meaning that there is no guarantee about the stability of the resulting JSON structure!
	For a stable JSON structure, please use Spring Data's PagedModel (globally via @EnableSpringDataWebSupport(pageSerializationMode = VIA_DTO))
	or Spring HATEOAS and Spring Data's PagedResourcesAssembler as documented in https://docs.spring.io/spring-data/commons/reference/repositories/core-extensions.html#core.web.pageables.

2026-05-06T12:04:07.531+05:30 DEBUG 21000 --- [AssetMonitoringSystem] [http-nio-8080-exec-2] c.a.a.config.LoggingAspect               : Exiting: com.app.assetmonitoringsystem.service.AssetService.getAllAssets() with result = Page 1 of 1 containing com.app.assetmonitoringsystem.dto.AssetDTO instances
2026-05-06T12:04:07.532+05:30 DEBUG 21000 --- [AssetMonitoringSystem] [http-nio-8080-exec-2] c.a.a.config.LoggingAspect               : Execution time: com.app.assetmonitoringsystem.service.AssetService.getAllAssets() = 74ms
2026-05-06T12:04:07.536+05:30 DEBUG 21000 --- [AssetMonitoringSystem] [http-nio-8080-exec-2] c.a.a.config.LoggingAspect               : Exiting: com.app.assetmonitoringsystem.controller.AssetController.getAllAssets() with result = <200 OK OK,com.app.assetmonitoringsystem.dto.ApiResponse@f53bf13,[]>
2026-05-06T12:04:07.597+05:30 DEBUG 21000 --- [AssetMonitoringSystem] [http-nio-8080-exec-4] c.a.a.config.LoggingAspect               : Entering: com.app.assetmonitoringsystem.controller.AlertController.getAllAlerts() with arguments = [0, 100, ACTIVE]
2026-05-06T12:04:07.597+05:30 DEBUG 21000 --- [AssetMonitoringSystem] [http-nio-8080-exec-5] c.a.a.config.LoggingAspect               : Entering: com.app.assetmonitoringsystem.controller.AssetController.getAllAssets() with arguments = [0, 100, id, asc]
2026-05-06T12:04:07.601+05:30 DEBUG 21000 --- [AssetMonitoringSystem] [http-nio-8080-exec-4] c.a.a.config.LoggingAspect               : Entering: com.app.assetmonitoringsystem.service.AlertService.getAlertsByStatus() with arguments = [ACTIVE, Page request [number: 0, size 100, sort: UNSORTED]]
2026-05-06T12:04:07.601+05:30 DEBUG 21000 --- [AssetMonitoringSystem] [http-nio-8080-exec-5] c.a.a.config.LoggingAspect               : Entering: com.app.assetmonitoringsystem.service.AssetService.getAllAssets() with arguments = [Page request [number: 0, size 100, sort: id: ASC]]
2026-05-06T12:04:07.613+05:30 DEBUG 21000 --- [AssetMonitoringSystem] [http-nio-8080-exec-4] c.a.a.config.LoggingAspect               : Exiting: com.app.assetmonitoringsystem.service.AlertService.getAlertsByStatus() with result = Page 1 of 0 containing UNKNOWN instances
2026-05-06T12:04:07.615+05:30 DEBUG 21000 --- [AssetMonitoringSystem] [http-nio-8080-exec-4] c.a.a.config.LoggingAspect               : Execution time: com.app.assetmonitoringsystem.service.AlertService.getAlertsByStatus() = 16ms
2026-05-06T12:04:07.620+05:30 DEBUG 21000 --- [AssetMonitoringSystem] [http-nio-8080-exec-4] c.a.a.config.LoggingAspect               : Exiting: com.app.assetmonitoringsystem.controller.AlertController.getAllAlerts() with result = <200 OK OK,com.app.assetmonitoringsystem.dto.ApiResponse@5646bb46,[]>
2026-05-06T12:04:07.621+05:30 DEBUG 21000 --- [AssetMonitoringSystem] [http-nio-8080-exec-5] c.a.a.config.LoggingAspect               : Exiting: com.app.assetmonitoringsystem.service.AssetService.getAllAssets() with result = Page 1 of 1 containing com.app.assetmonitoringsystem.dto.AssetDTO instances
2026-05-06T12:04:07.622+05:30 DEBUG 21000 --- [AssetMonitoringSystem] [http-nio-8080-exec-5] c.a.a.config.LoggingAspect               : Execution time: com.app.assetmonitoringsystem.service.AssetService.getAllAssets() = 23ms
2026-05-06T12:04:07.626+05:30 DEBUG 21000 --- [AssetMonitoringSystem] [http-nio-8080-exec-5] c.a.a.config.LoggingAspect               : Exiting: com.app.assetmonitoringsystem.controller.AssetController.getAllAssets() with result = <200 OK OK,com.app.assetmonitoringsystem.dto.ApiResponse@2b1cf95c,[]>
2026-05-06T12:04:43.746+05:30 DEBUG 21000 --- [AssetMonitoringSystem] [scheduling-1] c.a.a.config.LoggingAspect               : Entering: com.app.assetmonitoringsystem.service.UptimeService.evaluateAssetStatuses() with arguments = []
2026-05-06T12:04:44.017+05:30 DEBUG 21000 --- [AssetMonitoringSystem] [scheduling-1] c.a.a.config.LoggingAspect               : Exiting: com.app.assetmonitoringsystem.service.UptimeService.evaluateAssetStatuses() with result = null
2026-05-06T12:04:44.017+05:30 DEBUG 21000 --- [AssetMonitoringSystem] [scheduling-1] c.a.a.config.LoggingAspect               : Execution time: com.app.assetmonitoringsystem.service.UptimeService.evaluateAssetStatuses() = 271ms
2026-05-06T12:04:50.525+05:30 DEBUG 21000 --- [AssetMonitoringSystem] [http-nio-8080-exec-6] c.a.a.config.LoggingAspect               : Entering: com.app.assetmonitoringsystem.controller.AlertController.getAllAlerts() with arguments = [0, 100, null]
2026-05-06T12:04:50.529+05:30 DEBUG 21000 --- [AssetMonitoringSystem] [http-nio-8080-exec-6] c.a.a.config.LoggingAspect               : Entering: com.app.assetmonitoringsystem.service.AlertService.getAllAlerts() with arguments = [Page request [number: 0, size 100, sort: UNSORTED]]
2026-05-06T12:04:50.694+05:30 DEBUG 21000 --- [AssetMonitoringSystem] [http-nio-8080-exec-6] c.a.a.config.LoggingAspect               : Exiting: com.app.assetmonitoringsystem.service.AlertService.getAllAlerts() with result = Page 1 of 1 containing com.app.assetmonitoringsystem.dto.AlertDTO instances
2026-05-06T12:04:50.694+05:30 DEBUG 21000 --- [AssetMonitoringSystem] [http-nio-8080-exec-6] c.a.a.config.LoggingAspect               : Execution time: com.app.assetmonitoringsystem.service.AlertService.getAllAlerts() = 165ms
2026-05-06T12:04:50.707+05:30 DEBUG 21000 --- [AssetMonitoringSystem] [http-nio-8080-exec-6] c.a.a.config.LoggingAspect               : Exiting: com.app.assetmonitoringsystem.controller.AlertController.getAllAlerts() with result = <200 OK OK,com.app.assetmonitoringsystem.dto.ApiResponse@62bb3edd,[]>
2026-05-06T12:04:50.862+05:30 DEBUG 21000 --- [AssetMonitoringSystem] [http-nio-8080-exec-7] c.a.a.config.LoggingAspect               : Entering: com.app.assetmonitoringsystem.controller.AlertController.getAllAlerts() with arguments = [0, 100, null]
2026-05-06T12:04:50.868+05:30 DEBUG 21000 --- [AssetMonitoringSystem] [http-nio-8080-exec-7] c.a.a.config.LoggingAspect               : Entering: com.app.assetmonitoringsystem.service.AlertService.getAllAlerts() with arguments = [Page request [number: 0, size 100, sort: UNSORTED]]
2026-05-06T12:04:50.889+05:30 DEBUG 21000 --- [AssetMonitoringSystem] [http-nio-8080-exec-7] c.a.a.config.LoggingAspect               : Exiting: com.app.assetmonitoringsystem.service.AlertService.getAllAlerts() with result = Page 1 of 1 containing com.app.assetmonitoringsystem.dto.AlertDTO instances
2026-05-06T12:04:50.891+05:30 DEBUG 21000 --- [AssetMonitoringSystem] [http-nio-8080-exec-7] c.a.a.config.LoggingAspect               : Execution time: com.app.assetmonitoringsystem.service.AlertService.getAllAlerts() = 23ms
2026-05-06T12:04:50.896+05:30 DEBUG 21000 --- [AssetMonitoringSystem] [http-nio-8080-exec-7] c.a.a.config.LoggingAspect               : Exiting: com.app.assetmonitoringsystem.controller.AlertController.getAllAlerts() with result = <200 OK OK,com.app.assetmonitoringsystem.dto.ApiResponse@45da4303,[]>
2026-05-06T12:04:56.967+05:30 DEBUG 21000 --- [AssetMonitoringSystem] [http-nio-8080-exec-8] c.a.a.config.LoggingAspect               : Entering: com.app.assetmonitoringsystem.controller.AssetController.getAllAssets() with arguments = [0, 100, id, asc]
2026-05-06T12:04:56.968+05:30 DEBUG 21000 --- [AssetMonitoringSystem] [http-nio-8080-exec-8] c.a.a.config.LoggingAspect               : Entering: com.app.assetmonitoringsystem.service.AssetService.getAllAssets() with arguments = [Page request [number: 0, size 100, sort: id: ASC]]
2026-05-06T12:04:56.979+05:30 DEBUG 21000 --- [AssetMonitoringSystem] [http-nio-8080-exec-8] c.a.a.config.LoggingAspect               : Exiting: com.app.assetmonitoringsystem.service.AssetService.getAllAssets() with result = Page 1 of 1 containing com.app.assetmonitoringsystem.dto.AssetDTO instances
2026-05-06T12:04:56.980+05:30 DEBUG 21000 --- [AssetMonitoringSystem] [http-nio-8080-exec-8] c.a.a.config.LoggingAspect               : Execution time: com.app.assetmonitoringsystem.service.AssetService.getAllAssets() = 12ms
2026-05-06T12:04:56.982+05:30 DEBUG 21000 --- [AssetMonitoringSystem] [http-nio-8080-exec-8] c.a.a.config.LoggingAspect               : Exiting: com.app.assetmonitoringsystem.controller.AssetController.getAllAssets() with result = <200 OK OK,com.app.assetmonitoringsystem.dto.ApiResponse@2afac686,[]>
2026-05-06T12:04:57.001+05:30 DEBUG 21000 --- [AssetMonitoringSystem] [http-nio-8080-exec-9] c.a.a.config.LoggingAspect               : Entering: com.app.assetmonitoringsystem.controller.AssetController.getAllAssets() with arguments = [0, 100, id, asc]
2026-05-06T12:04:57.003+05:30 DEBUG 21000 --- [AssetMonitoringSystem] [http-nio-8080-exec-9] c.a.a.config.LoggingAspect               : Entering: com.app.assetmonitoringsystem.service.AssetService.getAllAssets() with arguments = [Page request [number: 0, size 100, sort: id: ASC]]
2026-05-06T12:04:57.015+05:30 DEBUG 21000 --- [AssetMonitoringSystem] [http-nio-8080-exec-9] c.a.a.config.LoggingAspect               : Exiting: com.app.assetmonitoringsystem.service.AssetService.getAllAssets() with result = Page 1 of 1 containing com.app.assetmonitoringsystem.dto.AssetDTO instances
2026-05-06T12:04:57.015+05:30 DEBUG 21000 --- [AssetMonitoringSystem] [http-nio-8080-exec-9] c.a.a.config.LoggingAspect               : Execution time: com.app.assetmonitoringsystem.service.AssetService.getAllAssets() = 12ms
2026-05-06T12:04:57.017+05:30 DEBUG 21000 --- [AssetMonitoringSystem] [http-nio-8080-exec-9] c.a.a.config.LoggingAspect               : Exiting: com.app.assetmonitoringsystem.controller.AssetController.getAllAssets() with result = <200 OK OK,com.app.assetmonitoringsystem.dto.ApiResponse@57d87168,[]>
2026-05-06T12:05:43.095+05:30 DEBUG 21000 --- [AssetMonitoringSystem] [scheduling-1] c.a.a.config.LoggingAspect               : Entering: com.app.assetmonitoringsystem.service.UptimeService.evaluateAssetStatuses() with arguments = []
2026-05-06T12:05:43.117+05:30 DEBUG 21000 --- [AssetMonitoringSystem] [scheduling-1] c.a.a.config.LoggingAspect               : Exiting: com.app.assetmonitoringsystem.service.UptimeService.evaluateAssetStatuses() with result = null
2026-05-06T12:05:43.117+05:30 DEBUG 21000 --- [AssetMonitoringSystem] [scheduling-1] c.a.a.config.LoggingAspect               : Execution time: com.app.assetmonitoringsystem.service.UptimeService.evaluateAssetStatuses() = 22ms
2026-05-06T12:06:43.095+05:30 DEBUG 21000 --- [AssetMonitoringSystem] [scheduling-1] c.a.a.config.LoggingAspect               : Entering: com.app.assetmonitoringsystem.service.UptimeService.evaluateAssetStatuses() with arguments = []
2026-05-06T12:06:43.144+05:30 DEBUG 21000 --- [AssetMonitoringSystem] [scheduling-1] c.a.a.config.LoggingAspect               : Exiting: com.app.assetmonitoringsystem.service.UptimeService.evaluateAssetStatuses() with result = null
2026-05-06T12:06:43.145+05:30 DEBUG 21000 --- [AssetMonitoringSystem] [scheduling-1] c.a.a.config.LoggingAspect               : Execution time: com.app.assetmonitoringsystem.service.UptimeService.evaluateAssetStatuses() = 50ms
2026-05-06T12:07:43.102+05:30 DEBUG 21000 --- [AssetMonitoringSystem] [scheduling-1] c.a.a.config.LoggingAspect               : Entering: com.app.assetmonitoringsystem.service.UptimeService.evaluateAssetStatuses() with arguments = []
2026-05-06T12:07:43.132+05:30 DEBUG 21000 --- [AssetMonitoringSystem] [scheduling-1] c.a.a.config.LoggingAspect               : Exiting: com.app.assetmonitoringsystem.service.UptimeService.evaluateAssetStatuses() with result = null
2026-05-06T12:07:43.132+05:30 DEBUG 21000 --- [AssetMonitoringSystem] [scheduling-1] c.a.a.config.LoggingAspect               : Execution time: com.app.assetmonitoringsystem.service.UptimeService.evaluateAssetStatuses() = 30ms
2026-05-06T12:08:43.092+05:30 DEBUG 21000 --- [AssetMonitoringSystem] [scheduling-1] c.a.a.config.LoggingAspect               : Entering: com.app.assetmonitoringsystem.service.UptimeService.evaluateAssetStatuses() with arguments = []
2026-05-06T12:08:43.143+05:30 DEBUG 21000 --- [AssetMonitoringSystem] [scheduling-1] c.a.a.config.LoggingAspect               : Exiting: com.app.assetmonitoringsystem.service.UptimeService.evaluateAssetStatuses() with result = null
2026-05-06T12:08:43.144+05:30 DEBUG 21000 --- [AssetMonitoringSystem] [scheduling-1] c.a.a.config.LoggingAspect               : Execution time: com.app.assetmonitoringsystem.service.UptimeService.evaluateAssetStatuses() = 52ms
2026-05-06T12:08:48.971+05:30  INFO 21000 --- [AssetMonitoringSystem] [org.springframework.amqp.rabbit.RabbitListenerEndpointContainer#0-2] o.s.a.r.l.SimpleMessageListenerContainer : Waiting for workers to finish.
2026-05-06T12:08:49.574+05:30  INFO 21000 --- [AssetMonitoringSystem] [org.springframework.amqp.rabbit.RabbitListenerEndpointContainer#0-2] o.s.a.r.l.SimpleMessageListenerContainer : Successfully waited for workers to finish.
2026-05-06T12:08:49.600+05:30  INFO 21000 --- [AssetMonitoringSystem] [SpringApplicationShutdownHook] o.s.boot.tomcat.GracefulShutdown         : Commencing graceful shutdown. Waiting for active requests to complete
2026-05-06T12:08:49.678+05:30  INFO 21000 --- [AssetMonitoringSystem] [tomcat-shutdown] o.s.boot.tomcat.GracefulShutdown         : Graceful shutdown complete
2026-05-06T12:08:49.859+05:30  INFO 21000 --- [AssetMonitoringSystem] [SpringApplicationShutdownHook] j.LocalContainerEntityManagerFactoryBean : Closing JPA EntityManagerFactory for persistence unit 'default'
2026-05-06T12:08:49.950+05:30  INFO 21000 --- [AssetMonitoringSystem] [SpringApplicationShutdownHook] com.zaxxer.hikari.HikariDataSource       : HikariPool-1 - Shutdown initiated...
2026-05-06T12:08:50.048+05:30  INFO 21000 --- [AssetMonitoringSystem] [SpringApplicationShutdownHook] com.zaxxer.hikari.HikariDataSource       : HikariPool-1 - Shutdown completed.
